-------------------------------------------------------------------------------
Test set: com.ftms.FtmsApplicationTests
-------------------------------------------------------------------------------
Tests run: 1, Failures: 0, Errors: 1, Skipped: 0, Time elapsed: 0.024 s <<< FAILURE! - in com.ftms.FtmsApplicationTests
initializationError(com.ftms.FtmsApplicationTests)  Time elapsed: 0.01 s  <<< ERROR!
java.lang.TypeNotPresentException: Type org.springframework.test.context.junit4.SpringRunner not present
Caused by: java.lang.ClassNotFoundException: org.springframework.test.context.junit4.SpringRunner

